SF:lib\core\data\models\error.dart
DA:8,4
DA:19,0
DA:22,0
DA:23,0
DA:25,0
DA:27,0
DA:29,0
DA:30,0
DA:31,0
DA:32,0
DA:34,0
DA:36,0
LF:12
LH:1
end_of_record
SF:lib\core\data\models\result.dart
DA:4,5
DA:6,0
DA:8,0
DA:9,0
DA:16,5
DA:21,5
LF:6
LH:3
end_of_record
SF:lib\core\domain\entities\game_entity.dart
DA:12,3
LF:1
LH:1
end_of_record
SF:lib\features\featured_revamp\domain\repositories\featured_revamp_repository.dart
DA:12,2
DA:25,1
LF:2
LH:2
end_of_record
SF:lib\features\featured_revamp\domain\use_cases\get_countdown_game_use_case.dart
DA:10,2
DA:12,1
DA:13,2
LF:3
LH:3
end_of_record
SF:lib\features\tracker\data\models\saved_game.dart
DA:16,0
DA:58,1
DA:75,0
DA:76,0
DA:77,0
DA:78,0
DA:79,0
DA:80,0
DA:81,0
DA:82,0
DA:83,0
DA:84,0
DA:85,0
DA:86,0
DA:87,0
DA:88,0
DA:89,0
DA:90,0
DA:94,0
DA:95,0
DA:96,0
DA:97,0
DA:98,0
DA:99,0
DA:100,0
DA:101,0
DA:102,0
DA:103,0
DA:107,0
DA:108,0
DA:109,0
DA:110,0
LF:32
LH:1
end_of_record
SF:lib\features\tracker\data\models\group_task.dart
DA:18,0
DA:25,0
DA:26,0
DA:27,0
DA:28,0
DA:29,0
DA:30,0
LF:7
LH:0
end_of_record
SF:lib\features\tracker\data\models\saved_game_task.dart
DA:35,0
DA:36,0
DA:37,0
DA:38,0
DA:39,0
DA:40,0
DA:41,0
DA:42,0
DA:43,0
DA:44,0
DA:45,0
DA:46,0
LF:12
LH:0
end_of_record
SF:lib\features\tracker\data\models\task_step.dart
DA:21,0
DA:22,0
DA:23,0
DA:24,0
DA:25,0
DA:26,0
DA:27,0
LF:7
LH:0
end_of_record
SF:lib\features\featured_revamp\domain\use_cases\get_library_snapshot_use_case.dart
DA:9,2
DA:11,1
DA:12,2
LF:3
LH:3
end_of_record
SF:lib\features\featured_revamp\domain\use_cases\get_out_this_week_use_case.dart
DA:10,1
DA:12,0
DA:14,0
LF:3
LH:1
end_of_record
SF:lib\features\featured_revamp\presentation\blocs\countdown_releases_cubit.dart
DA:19,1
DA:22,1
DA:24,1
DA:26,4
DA:27,1
DA:29,2
DA:31,2
DA:34,2
DA:36,2
DA:37,1
DA:38,4
DA:39,1
DA:42,2
DA:43,1
DA:45,0
DA:46,0
DA:53,1
DA:55,4
DA:62,1
DA:63,1
DA:64,0
DA:65,0
DA:70,2
DA:71,4
DA:78,1
DA:79,1
DA:80,2
DA:81,0
DA:85,1
DA:86,2
DA:88,0
DA:92,1
DA:94,0
DA:98,1
DA:100,4
DA:101,4
DA:103,1
DA:104,4
DA:108,1
DA:109,1
DA:110,4
DA:117,0
DA:121,0
DA:125,1
DA:126,3
DA:127,2
DA:128,1
DA:129,1
DA:130,4
DA:133,1
DA:134,1
DA:135,2
DA:136,2
DA:138,1
DA:140,0
DA:144,1
DA:146,2
DA:147,1
LF:58
LH:48
end_of_record
SF:lib\features\featured_revamp\domain\use_cases\get_critics_choice_use_case.dart
DA:10,1
DA:12,0
DA:13,0
LF:3
LH:1
end_of_record
SF:lib\features\featured_revamp\domain\use_cases\get_genre_preferences_use_case.dart
DA:9,1
DA:11,0
DA:12,0
LF:3
LH:1
end_of_record
SF:lib\features\featured_revamp\domain\use_cases\save_genre_preferences_use_case.dart
DA:9,1
DA:11,0
DA:13,0
LF:3
LH:1
end_of_record
SF:lib\features\featured_revamp\presentation\blocs\critics_grid_cubit.dart
DA:17,1
DA:21,1
DA:23,1
DA:24,4
DA:26,2
DA:29,2
DA:31,3
DA:34,2
DA:35,4
DA:40,0
DA:41,0
DA:46,2
DA:47,4
DA:54,1
DA:55,2
DA:58,2
DA:59,1
DA:60,1
DA:62,1
DA:65,2
DA:71,2
DA:72,4
DA:73,1
DA:78,1
DA:79,0
DA:80,0
DA:87,1
DA:88,2
DA:89,1
DA:94,2
DA:95,4
DA:96,1
DA:97,1
DA:101,1
DA:102,0
DA:103,0
LF:36
LH:30
end_of_record
SF:lib\features\featured_revamp\presentation\blocs\library_stats_cubit.dart
DA:17,1
DA:20,1
DA:22,2
DA:23,4
DA:26,1
DA:27,4
DA:29,2
DA:32,2
DA:33,2
DA:34,2
DA:36,2
DA:39,2
DA:40,2
DA:41,2
DA:44,1
DA:45,1
DA:46,1
DA:47,1
DA:49,4
DA:58,2
DA:59,4
LF:21
LH:21
end_of_record
